0 info it worked if it ends with ok
1 verbose cli [ '/Users/Zachary/.nvm/versions/node/v6.1.0/bin/node',
1 verbose cli   '/Users/Zachary/.nvm/versions/node/v6.1.0/bin/npm',
1 verbose cli   'start' ]
2 info using npm@3.8.6
3 info using node@v6.1.0
4 verbose stack Error: Invalid name: "mySQL playground"
4 verbose stack     at ensureValidName (/Users/Zachary/.nvm/versions/node/v6.1.0/lib/node_modules/npm/node_modules/normalize-package-data/lib/fixer.js:336:15)
4 verbose stack     at Object.module.exports.fixNameField (/Users/Zachary/.nvm/versions/node/v6.1.0/lib/node_modules/npm/node_modules/normalize-package-data/lib/fixer.js:215:5)
4 verbose stack     at /Users/Zachary/.nvm/versions/node/v6.1.0/lib/node_modules/npm/node_modules/normalize-package-data/lib/normalize.js:32:38
4 verbose stack     at Array.forEach (native)
4 verbose stack     at normalize (/Users/Zachary/.nvm/versions/node/v6.1.0/lib/node_modules/npm/node_modules/normalize-package-data/lib/normalize.js:31:15)
4 verbose stack     at final (/Users/Zachary/.nvm/versions/node/v6.1.0/lib/node_modules/npm/node_modules/read-package-json/read-json.js:338:5)
4 verbose stack     at then (/Users/Zachary/.nvm/versions/node/v6.1.0/lib/node_modules/npm/node_modules/read-package-json/read-json.js:113:5)
4 verbose stack     at /Users/Zachary/.nvm/versions/node/v6.1.0/lib/node_modules/npm/node_modules/read-package-json/read-json.js:300:12
4 verbose stack     at /Users/Zachary/.nvm/versions/node/v6.1.0/lib/node_modules/npm/node_modules/graceful-fs/graceful-fs.js:78:16
4 verbose stack     at tryToString (fs.js:449:3)
5 verbose cwd /Users/Zachary/Desktop/Web_Design/yo_test
6 error Darwin 15.3.0
7 error argv "/Users/Zachary/.nvm/versions/node/v6.1.0/bin/node" "/Users/Zachary/.nvm/versions/node/v6.1.0/bin/npm" "start"
8 error node v6.1.0
9 error npm  v3.8.6
10 error Invalid name: "mySQL playground"
11 error If you need help, you may report this error at:
11 error     <https://github.com/npm/npm/issues>
12 verbose exit [ 1, true ]
